2025-09-17 18:36:03 [ERROR]: Error in user: Validation error
2025-09-17 18:36:04 [ERROR]: Error in user: Validation error
2025-09-17 18:38:45 [INFO]: App running in development
2025-09-17 18:38:45 [INFO]: ✅ Database connected
2025-09-17 18:38:46 [INFO]: ✅ Models synchronized
2025-09-17 18:38:46 [INFO]: 🚀 Server running at http://localhost:3000
2025-09-17 18:38:51 [INFO]: App running in development
2025-09-17 18:38:51 [INFO]: ✅ Database connected
2025-09-17 18:38:52 [INFO]: ✅ Models synchronized
2025-09-17 18:38:52 [INFO]: 🚀 Server running at http://localhost:3000
2025-09-17 19:26:03 [INFO]: App running in development
2025-09-17 19:26:04 [INFO]: ✅ Database connected
2025-09-17 19:26:04 [INFO]: ✅ Models synchronized
2025-09-17 19:26:04 [INFO]: 🚀 Server running at http://localhost:3000
2025-09-17 19:26:15 [INFO]: App running in development
2025-09-17 19:26:15 [INFO]: ✅ Database connected
2025-09-17 19:26:16 [INFO]: ✅ Models synchronized
2025-09-17 19:26:16 [INFO]: 🚀 Server running at http://localhost:3000
2025-09-17 19:26:21 [INFO]: App running in development
2025-09-17 19:26:21 [INFO]: ✅ Database connected
2025-09-17 19:26:22 [INFO]: ✅ Models synchronized
2025-09-17 19:26:22 [INFO]: 🚀 Server running at http://localhost:3000
2025-09-17 19:26:25 [INFO]: App running in development
2025-09-17 19:26:25 [INFO]: ✅ Database connected
2025-09-17 19:26:26 [INFO]: ✅ Models synchronized
2025-09-17 19:26:26 [INFO]: 🚀 Server running at http://localhost:3000
2025-09-17 19:27:02 [INFO]: App running in development
2025-09-17 19:27:02 [INFO]: ✅ Database connected
2025-09-17 19:27:03 [INFO]: ✅ Models synchronized
2025-09-17 19:27:03 [INFO]: 🚀 Server running at http://localhost:3000
2025-09-17 19:27:06 [INFO]: App running in development
2025-09-17 19:27:06 [INFO]: ✅ Database connected
2025-09-17 19:27:06 [INFO]: ✅ Models synchronized
2025-09-17 19:27:06 [INFO]: 🚀 Server running at http://localhost:3000
2025-09-17 19:38:12 [INFO]: App running in development
2025-09-17 19:38:12 [INFO]: ✅ Database connected
2025-09-17 19:38:12 [INFO]: ✅ Models synchronized
2025-09-17 19:38:12 [INFO]: 🚀 Server running at http://localhost:3000
2025-09-17 19:42:21 [INFO]: App running in development
2025-09-17 19:42:21 [INFO]: ✅ Database connected
2025-09-17 19:42:21 [INFO]: ✅ Models synchronized
2025-09-17 19:42:21 [INFO]: 🚀 Server running at http://localhost:3000
2025-09-17 19:50:53 [ERROR]: Error in user: Validation error
2025-09-17 19:51:03 [ERROR]: Error in user: Validation error
2025-09-17 19:51:05 [ERROR]: Error in user: Validation error
2025-09-17 19:53:29 [INFO]: App running in development
2025-09-17 19:53:29 [INFO]: ✅ Database connected
2025-09-17 19:53:29 [INFO]: ✅ Models synchronized
2025-09-17 19:53:29 [INFO]: 🚀 Server running at http://localhost:3000
2025-09-17 19:53:32 [INFO]: App running in development
2025-09-17 19:53:32 [INFO]: ✅ Database connected
2025-09-17 19:53:33 [INFO]: ✅ Models synchronized
2025-09-17 19:53:33 [INFO]: 🚀 Server running at http://localhost:3000
2025-09-17 19:54:38 [ERROR]: Error in user: value too long for type character varying(20)
2025-09-17 19:56:17 [INFO]: App running in development
2025-09-17 19:56:17 [INFO]: ✅ Database connected
2025-09-17 19:56:17 [INFO]: ✅ Models synchronized
2025-09-17 19:56:17 [INFO]: 🚀 Server running at http://localhost:3000
2025-09-17 19:56:18 [INFO]: App running in development
2025-09-17 19:56:18 [INFO]: ✅ Database connected
2025-09-17 19:56:19 [INFO]: ✅ Models synchronized
2025-09-17 19:56:19 [INFO]: 🚀 Server running at http://localhost:3000
2025-09-17 19:56:20 [INFO]: App running in development
2025-09-17 19:56:20 [INFO]: ✅ Database connected
2025-09-17 19:56:21 [INFO]: ✅ Models synchronized
2025-09-17 19:56:21 [INFO]: 🚀 Server running at http://localhost:3000
2025-09-17 19:56:22 [INFO]: App running in development
2025-09-17 19:56:22 [INFO]: ✅ Database connected
2025-09-17 19:56:22 [INFO]: ✅ Models synchronized
2025-09-17 19:56:22 [INFO]: 🚀 Server running at http://localhost:3000
2025-09-17 19:57:05 [INFO]: App running in development
2025-09-17 19:57:05 [INFO]: ✅ Database connected
2025-09-17 19:57:05 [INFO]: ✅ Models synchronized
2025-09-17 19:57:05 [INFO]: 🚀 Server running at http://localhost:3000
2025-09-17 19:57:06 [ERROR]: Error in user: value too long for type character varying(20)
2025-09-17 19:57:30 [INFO]: App running in development
2025-09-17 19:57:30 [INFO]: ✅ Database connected
2025-09-17 19:57:31 [INFO]: ✅ Models synchronized
2025-09-17 19:57:31 [INFO]: 🚀 Server running at http://localhost:3000
2025-09-17 19:57:34 [INFO]: App running in development
2025-09-17 19:57:34 [INFO]: ✅ Database connected
2025-09-17 19:57:34 [INFO]: ✅ Models synchronized
2025-09-17 19:57:34 [INFO]: 🚀 Server running at http://localhost:3000
2025-09-17 19:57:36 [ERROR]: Error in user: value too long for type character varying(20)
2025-09-17 19:58:06 [INFO]: App running in development
2025-09-17 19:58:06 [INFO]: ✅ Database connected
2025-09-17 19:58:07 [INFO]: ✅ Models synchronized
2025-09-17 19:58:07 [INFO]: 🚀 Server running at http://localhost:3000
2025-09-17 19:58:12 [INFO]: App running in development
2025-09-17 19:58:12 [INFO]: ✅ Database connected
2025-09-17 19:58:12 [INFO]: ✅ Models synchronized
2025-09-17 19:58:12 [INFO]: 🚀 Server running at http://localhost:3000
2025-09-17 19:58:13 [INFO]: App running in development
2025-09-17 19:58:13 [INFO]: ✅ Database connected
2025-09-17 19:58:13 [INFO]: ✅ Models synchronized
2025-09-17 19:58:13 [INFO]: 🚀 Server running at http://localhost:3000
2025-09-17 19:58:14 [INFO]: App running in development
2025-09-17 19:58:14 [INFO]: ✅ Database connected
2025-09-17 19:58:15 [INFO]: ✅ Models synchronized
2025-09-17 19:58:15 [INFO]: 🚀 Server running at http://localhost:3000
2025-09-17 19:58:20 [INFO]: App running in development
2025-09-17 19:58:20 [INFO]: ✅ Database connected
2025-09-17 19:58:20 [INFO]: ✅ Models synchronized
2025-09-17 19:58:20 [INFO]: 🚀 Server running at http://localhost:3000
2025-09-17 19:58:29 [INFO]: App running in development
2025-09-17 19:58:29 [INFO]: ✅ Database connected
2025-09-17 19:58:29 [INFO]: ✅ Models synchronized
2025-09-17 19:58:29 [INFO]: 🚀 Server running at http://localhost:3000
2025-09-17 19:59:19 [INFO]: App running in development
2025-09-17 19:59:19 [INFO]: ✅ Database connected
2025-09-17 19:59:19 [INFO]: ✅ Models synchronized
2025-09-17 19:59:19 [INFO]: 🚀 Server running at http://localhost:3000
2025-09-17 19:59:23 [INFO]: App running in development
2025-09-17 19:59:23 [INFO]: ✅ Database connected
2025-09-17 19:59:23 [INFO]: ✅ Models synchronized
2025-09-17 19:59:23 [INFO]: 🚀 Server running at http://localhost:3000
2025-09-17 19:59:24 [ERROR]: Error in user: value too long for type character varying(20)
2025-09-17 19:59:32 [INFO]: App running in development
2025-09-17 19:59:32 [INFO]: ✅ Database connected
2025-09-17 19:59:32 [INFO]: ✅ Models synchronized
2025-09-17 19:59:32 [INFO]: 🚀 Server running at http://localhost:3000
2025-09-17 20:01:04 [INFO]: App running in development
2025-09-17 20:01:04 [INFO]: ✅ Database connected
2025-09-17 20:01:05 [INFO]: ✅ Models synchronized
2025-09-17 20:01:05 [INFO]: 🚀 Server running at http://localhost:3000
